<?xml version="1.0" encoding="UTF-8"?>
<!-- Generated by org.testng.reporters.JUnitReportReporter -->
<testsuite hostname="LAPTOP-BHKF9L3F" failures="0" tests="1" name="maven.test.Login" time="7.745" errors="0" timestamp="2024-03-06T21:23:16 IST" skipped="0">
  <testcase classname="maven.test.Login" name="login" time="7.745"/>
</testsuite> <!-- maven.test.Login -->
