<?xml version="1.0" encoding="UTF-8"?>
<!-- Generated by org.testng.reporters.JUnitReportReporter -->
<testsuite hostname="LAPTOP-BHKF9L3F" failures="0" tests="1" name="maven.test.LoginTest" time="0.013" errors="0" timestamp="2024-03-06T19:52:50 IST" skipped="0">
  <testcase classname="maven.test.LoginTest" name="m1" time="0.013"/>
</testsuite> <!-- maven.test.LoginTest -->
